# JRE version: Java(TM) SE Runtime Environment (21.0.1+12) (build 21.0.1+12-LTS-29)
# Java VM: Java HotSpot(TM) 64-Bit Server VM (21.0.1+12-LTS-29, mixed mode, emulated-client, sharing, tiered, compressed oops, compressed class ptrs, g1 gc, bsd-aarch64)
GC Precious Log:
 CardTable entry size: 512
 Card Set container configuration: InlinePtr #cards 4 size 8 Array Of Cards #cards 64 size 144 Howl #buckets 8 coarsen threshold 14745 Howl Bitmap #cards 2048 size 272 coarsen threshold 1843 Card regions per heap region 1 cards per card region 16384
 CPUs: 14 total, 14 available
 Memory: 36864M
 Large Page Support: Disabled
 NUMA Support: Disabled
 Compressed Oops: Enabled (Zero based)
 Heap Region Size: 8M
 Heap Min Capacity: 8M
 Heap Initial Capacity: 576M
 Heap Max Capacity: 9G
 Pre-touch: Disabled
 Parallel Workers: 11
 Concurrent Workers: 3
 Concurrent Refinement Workers: 11
 Periodic GC: Disabled
Heap:
 garbage-first heap   total 221184K, used 112492K [0x00000005c0000000, 0x0000000800000000)
  region size 8192K, 9 young (73728K), 2 survivors (16384K)
 Metaspace       used 82184K, committed 83008K, reserved 1179648K
  class space    used 11679K, committed 12032K, reserved 1048576K
GC Heap History (20 events):
Event: 0.583 GC heap before
{Heap before GC invocations=3 (full 0):
 garbage-first heap   total 598016K, used 65725K [0x00000005c0000000, 0x0000000800000000)
  region size 8192K, 5 young (40960K), 1 survivors (8192K)
 Metaspace       used 11805K, committed 12160K, reserved 1114112K
  class space    used 1456K, committed 1600K, reserved 1048576K
}
Event: 0.584 GC heap after
{Heap after GC invocations=4 (full 0):
 garbage-first heap   total 598016K, used 34236K [0x00000005c0000000, 0x0000000800000000)
  region size 8192K, 1 young (8192K), 1 survivors (8192K)
 Metaspace       used 11805K, committed 12160K, reserved 1114112K
  class space    used 1456K, committed 1600K, reserved 1048576K
}
Event: 0.750 GC heap before
{Heap before GC invocations=4 (full 0):
 garbage-first heap   total 598016K, used 124348K [0x00000005c0000000, 0x0000000800000000)
  region size 8192K, 14 young (114688K), 1 survivors (8192K)
 Metaspace       used 21143K, committed 21504K, reserved 1114112K
  class space    used 2703K, committed 2880K, reserved 1048576K
}
Event: 0.752 GC heap after
{Heap after GC invocations=5 (full 0):
 garbage-first heap   total 598016K, used 37575K [0x00000005c0000000, 0x0000000800000000)
  region size 8192K, 1 young (8192K), 1 survivors (8192K)
 Metaspace       used 21143K, committed 21504K, reserved 1114112K
  class space    used 2703K, committed 2880K, reserved 1048576K
}
Event: 1.194 GC heap before
{Heap before GC invocations=6 (full 0):
 garbage-first heap   total 196608K, used 185031K [0x00000005c0000000, 0x0000000800000000)
  region size 8192K, 19 young (155648K), 1 survivors (8192K)
 Metaspace       used 31562K, committed 32192K, reserved 1114112K
  class space    used 4190K, committed 4480K, reserved 1048576K
}
Event: 1.197 GC heap after
{Heap after GC invocations=7 (full 0):
 garbage-first heap   total 262144K, used 44108K [0x00000005c0000000, 0x0000000800000000)
  region size 8192K, 2 young (16384K), 2 survivors (16384K)
 Metaspace       used 31562K, committed 32192K, reserved 1114112K
  class space    used 4190K, committed 4480K, reserved 1048576K
}
Event: 1.293 GC heap before
{Heap before GC invocations=7 (full 0):
 garbage-first heap   total 262144K, used 85068K [0x00000005c0000000, 0x0000000800000000)
  region size 8192K, 8 young (65536K), 2 survivors (16384K)
 Metaspace       used 35417K, committed 35968K, reserved 1114112K
  class space    used 4733K, committed 4992K, reserved 1048576K
}
Event: 1.297 GC heap after
{Heap after GC invocations=8 (full 0):
 garbage-first heap   total 262144K, used 44808K [0x00000005c0000000, 0x0000000800000000)
  region size 8192K, 2 young (16384K), 2 survivors (16384K)
 Metaspace       used 35417K, committed 35968K, reserved 1114112K
  class space    used 4733K, committed 4992K, reserved 1048576K
}
Event: 1.307 GC heap before
{Heap before GC invocations=8 (full 0):
 garbage-first heap   total 262144K, used 44808K [0x00000005c0000000, 0x0000000800000000)
  region size 8192K, 3 young (24576K), 2 survivors (16384K)
 Metaspace       used 35741K, committed 36288K, reserved 1114112K
  class space    used 4795K, committed 5056K, reserved 1048576K
}
Event: 1.309 GC heap after
{Heap after GC invocations=9 (full 0):
 garbage-first heap   total 262144K, used 45010K [0x00000005c0000000, 0x0000000800000000)
  region size 8192K, 2 young (16384K), 2 survivors (16384K)
 Metaspace       used 35741K, committed 36288K, reserved 1114112K
  class space    used 4795K, committed 5056K, reserved 1048576K
}
Event: 1.657 GC heap before
{Heap before GC invocations=10 (full 0):
 garbage-first heap   total 221184K, used 184274K [0x00000005c0000000, 0x0000000800000000)
  region size 8192K, 19 young (155648K), 2 survivors (16384K)
 Metaspace       used 52364K, committed 52928K, reserved 1114112K
  class space    used 7029K, committed 7296K, reserved 1048576K
}
Event: 1.661 GC heap after
{Heap after GC invocations=11 (full 0):
 garbage-first heap   total 221184K, used 48596K [0x00000005c0000000, 0x0000000800000000)
  region size 8192K, 2 young (16384K), 2 survivors (16384K)
 Metaspace       used 52364K, committed 52928K, reserved 1114112K
  class space    used 7029K, committed 7296K, reserved 1048576K
}
Event: 1.889 GC heap before
{Heap before GC invocations=11 (full 0):
 garbage-first heap   total 221184K, used 130516K [0x00000005c0000000, 0x0000000800000000)
  region size 8192K, 13 young (106496K), 2 survivors (16384K)
 Metaspace       used 60237K, committed 60928K, reserved 1114112K
  class space    used 8323K, committed 8576K, reserved 1048576K
}
Event: 1.894 GC heap after
{Heap after GC invocations=12 (full 0):
 garbage-first heap   total 221184K, used 50910K [0x00000005c0000000, 0x0000000800000000)
  region size 8192K, 1 young (8192K), 1 survivors (8192K)
 Metaspace       used 60237K, committed 60928K, reserved 1114112K
  class space    used 8323K, committed 8576K, reserved 1048576K
}
Event: 1.960 GC heap before
{Heap before GC invocations=12 (full 0):
 garbage-first heap   total 221184K, used 50910K [0x00000005c0000000, 0x0000000800000000)
  region size 8192K, 2 young (16384K), 1 survivors (8192K)
 Metaspace       used 60605K, committed 61248K, reserved 1114112K
  class space    used 8368K, committed 8640K, reserved 1048576K
}
Event: 1.962 GC heap after
{Heap after GC invocations=13 (full 0):
 garbage-first heap   total 270336K, used 51378K [0x00000005c0000000, 0x0000000800000000)
  region size 8192K, 1 young (8192K), 1 survivors (8192K)
 Metaspace       used 60605K, committed 61248K, reserved 1114112K
  class space    used 8368K, committed 8640K, reserved 1048576K
}
Event: 2.341 GC heap before
{Heap before GC invocations=14 (full 0):
 garbage-first heap   total 221184K, used 198834K [0x00000005c0000000, 0x0000000800000000)
  region size 8192K, 19 young (155648K), 1 survivors (8192K)
 Metaspace       used 70140K, committed 70848K, reserved 1114112K
  class space    used 9907K, committed 10240K, reserved 1048576K
}
Event: 2.345 GC heap after
{Heap after GC invocations=15 (full 0):
 garbage-first heap   total 221184K, used 59383K [0x00000005c0000000, 0x0000000800000000)
  region size 8192K, 2 young (16384K), 2 survivors (16384K)
 Metaspace       used 70140K, committed 70848K, reserved 1114112K
  class space    used 9907K, committed 10240K, reserved 1048576K
}
Event: 2.678 GC heap before
{Heap before GC invocations=15 (full 0):
 garbage-first heap   total 221184K, used 174071K [0x00000005c0000000, 0x0000000800000000)
  region size 8192K, 16 young (131072K), 2 survivors (16384K)
 Metaspace       used 77602K, committed 78400K, reserved 1179648K
  class space    used 11022K, committed 11392K, reserved 1048576K
}
Event: 2.683 GC heap after
{Heap after GC invocations=16 (full 0):
 garbage-first heap   total 221184K, used 63340K [0x00000005c0000000, 0x0000000800000000)
  region size 8192K, 2 young (16384K), 2 survivors (16384K)
 Metaspace       used 77602K, committed 78400K, reserved 1179648K
  class space    used 11022K, committed 11392K, reserved 1048576K
}

